[debug] [2022-06-13T15:48:35.259Z] ----------------------------------------------------------------------
[debug] [2022-06-13T15:48:35.261Z] Command:       C:\Program Files\nodejs\node.exe C:\Users\ASUS\AppData\Roaming\npm\node_modules\firebase-tools\lib\bin\firebase.js deploy
[debug] [2022-06-13T15:48:35.261Z] CLI Version:   11.0.1
[debug] [2022-06-13T15:48:35.261Z] Platform:      win32
[debug] [2022-06-13T15:48:35.261Z] Node Version:  v16.15.1
[debug] [2022-06-13T15:48:35.262Z] Time:          Mon Jun 13 2022 21:48:35 GMT+0600 (Bangladesh Standard Time)
[debug] [2022-06-13T15:48:35.262Z] ----------------------------------------------------------------------
[debug] 
[debug] [2022-06-13T15:48:35.314Z] > command requires scopes: ["email","openid","https://www.googleapis.com/auth/cloudplatformprojects.readonly","https://www.googleapis.com/auth/firebase","https://www.googleapis.com/auth/cloud-platform"]
[debug] [2022-06-13T15:48:35.314Z] > authorizing via signed-in user (snrahat.stud4143@gmail.com)
[debug] [2022-06-13T15:48:35.314Z] [iam] checking project royal-wedding-photographer for permissions ["firebase.projects.get","firebasehosting.sites.update"]
[debug] [2022-06-13T15:48:35.316Z] >>> [apiv2][query] POST https://cloudresourcemanager.googleapis.com/v1/projects/royal-wedding-photographer:testIamPermissions [none]
[debug] [2022-06-13T15:48:35.316Z] >>> [apiv2][body] POST https://cloudresourcemanager.googleapis.com/v1/projects/royal-wedding-photographer:testIamPermissions {"permissions":["firebase.projects.get","firebasehosting.sites.update"]}
[debug] [2022-06-13T15:48:37.316Z] <<< [apiv2][status] POST https://cloudresourcemanager.googleapis.com/v1/projects/royal-wedding-photographer:testIamPermissions 200
[debug] [2022-06-13T15:48:37.317Z] <<< [apiv2][body] POST https://cloudresourcemanager.googleapis.com/v1/projects/royal-wedding-photographer:testIamPermissions {"permissions":["firebase.projects.get","firebasehosting.sites.update"]}
[debug] [2022-06-13T15:48:37.317Z] >>> [apiv2][query] GET https://firebase.googleapis.com/v1beta1/projects/royal-wedding-photographer [none]
[debug] [2022-06-13T15:48:38.075Z] <<< [apiv2][status] GET https://firebase.googleapis.com/v1beta1/projects/royal-wedding-photographer 200
[debug] [2022-06-13T15:48:38.076Z] <<< [apiv2][body] GET https://firebase.googleapis.com/v1beta1/projects/royal-wedding-photographer {"projectId":"royal-wedding-photographer","projectNumber":"566413757386","displayName":"Royal-Wedding-Photographer","name":"projects/royal-wedding-photographer","resources":{"hostingSite":"royal-wedding-photographer"},"state":"ACTIVE"}
[info] 
[info] === Deploying to 'royal-wedding-photographer'...
[info] 
[info] i  deploying hosting 
[debug] [2022-06-13T15:48:38.081Z] >>> [apiv2][query] GET https://firebase.googleapis.com/v1beta1/projects/royal-wedding-photographer [none]
[debug] [2022-06-13T15:48:39.544Z] <<< [apiv2][status] GET https://firebase.googleapis.com/v1beta1/projects/royal-wedding-photographer 200
[debug] [2022-06-13T15:48:39.545Z] <<< [apiv2][body] GET https://firebase.googleapis.com/v1beta1/projects/royal-wedding-photographer {"projectId":"royal-wedding-photographer","projectNumber":"566413757386","displayName":"Royal-Wedding-Photographer","name":"projects/royal-wedding-photographer","resources":{"hostingSite":"royal-wedding-photographer"},"state":"ACTIVE"}
[debug] [2022-06-13T15:48:39.548Z] >>> [apiv2][query] POST https://firebasehosting.googleapis.com/v1beta1/projects/566413757386/sites/royal-wedding-photographer/versions [none]
[debug] [2022-06-13T15:48:39.548Z] >>> [apiv2][body] POST https://firebasehosting.googleapis.com/v1beta1/projects/566413757386/sites/royal-wedding-photographer/versions {"config":{"rewrites":[{"glob":"**","path":"/index.html"}]},"labels":{"deployment-tool":"cli-firebase"}}
[debug] [2022-06-13T15:48:40.823Z] <<< [apiv2][status] POST https://firebasehosting.googleapis.com/v1beta1/projects/566413757386/sites/royal-wedding-photographer/versions 200
[debug] [2022-06-13T15:48:40.824Z] <<< [apiv2][body] POST https://firebasehosting.googleapis.com/v1beta1/projects/566413757386/sites/royal-wedding-photographer/versions {"name":"projects/566413757386/sites/royal-wedding-photographer/versions/81253fb966f2c59b","status":"CREATED","config":{"rewrites":[{"glob":"**","path":"/index.html"}]},"labels":{"deployment-tool":"cli-firebase"}}
[info] i  hosting[royal-wedding-photographer]: beginning deploy... 
[info] i  hosting[royal-wedding-photographer]: found 23 files in build 
[debug] [2022-06-13T15:48:40.843Z] [hosting] uploading with 200 concurrency
[debug] [2022-06-13T15:48:40.854Z] [hosting] hash cache [YnVpbGQ] stored for 23 files
[debug] [2022-06-13T15:48:40.855Z] [hosting][hash queue][FINAL] {"max":2,"min":1,"avg":1,"active":0,"complete":23,"success":23,"errored":0,"retried":0,"total":23,"elapsed":10}
[debug] [2022-06-13T15:48:40.855Z] >>> [apiv2][query] POST https://firebasehosting.googleapis.com/v1beta1/projects/566413757386/sites/royal-wedding-photographer/versions/81253fb966f2c59b:populateFiles [none]
[debug] [2022-06-13T15:48:40.855Z] >>> [apiv2][body] POST https://firebasehosting.googleapis.com/v1beta1/projects/566413757386/sites/royal-wedding-photographer/versions/81253fb966f2c59b:populateFiles {"files":{"/asset-manifest.json":"05cabd56d48c5b36fba09a1735c39170e7a6f5b41a2cbad28c2408ffc1004072","/favicon.ico":"eae62e993eb980ec8a25058c39d5a51feab118bd2100c4deebb2a9c158ec11f9","/index.html":"f307e87bab2bcce5d12175a8c5ea24031681c729ef79c3ee9d2f6ccd76249ce3","/logo192.png":"3ee59515172ee198f3be375979df15ac5345183e656720a381b8872b2a39dc8b","/logo512.png":"ee7e2f3fdb8209c4b6fd7bef6ba50d1b9dba30a25bb5c3126df057e1cb6f5331","/manifest.json":"aff3449bdc238776f5d6d967f19ec491b36aed5fb7f23ccff6500736fd58494a","/previousTasks.json":"ff984788c32fe521c98f1cad7cfbcc8279fc87e80b57f006e8b60407a0ef693d","/robots.txt":"bfe106a3fb878dc83461c86818bf74fc1bdc7f28538ba613cd3e775516ce8b49","/services.json":"12c15f42248f25a37261bbd5667048f3f0522a8bdd572bb85a3478be7748f5f1","/static/css/main.9bc39ec5.css":"6980165c23c33bd4a1a82c1fe71ca8a78d928085a0f8548a0ef14ac7f88924fc","/static/css/main.9bc39ec5.css.map":"8661f1ab1486be51bf373b2c47083ebcf5450d5934db062b2a1a526418912d25","/static/js/787.c307c762.chunk.js":"bd1776b694b1fb398206b3c370d3583298ef9570ed42132c4a82c81a9c77d27e","/static/js/787.c307c762.chunk.js.map":"b161ceb7f9b1cd301aea1f77f2650d43b9429c6d8b629a31721917b5445d6cf8","/static/js/main.5700e7a7.js":"dc5ddf20d37fdde4d1e78d4972a1f1de6f80f7e13e37296d281759bf74d00aa2","/static/js/main.5700e7a7.js.LICENSE.txt":"a4bf333c58f9e94274c19b9aee77a652337affee13e747a3e15415ca14c01597","/static/js/main.5700e7a7.js.map":"d91a787d7be55806af05d18ef4b4d70d57515e29b631dc33dd440c682725c0d0","/static/media/banner1.506fd7e4b4fd7936356c.png":"5b2231f7bf3ffe9b904161bbe4386d9c84cd0a65ad5a4d3a1bc7a4eb47ea855d","/static/media/banner2.645382c379a832b6e579.png":"24eb69a15118a260c53a558fd51611617490825556114c227cee6d14f19c8d47","/static/media/banner3.7a38dd1ed69afeb17549.png":"3e890a0366bb7f2048d5fa562af98c3c6cdf81d0ee061fd51f3707994ec09467","/static/media/github.ecf329c2c06a1f41fae4.png":"f9e025733e7f1f06d639290dcdfd7744c8891423b2bbe70ae48bc06fb57a0a47","/static/media/google.49eda5baf38c81b402f5.png":"e76264251912538a78364331226e09838ab37b3e47eeed3d9da113138e399f8d","/static/media/logo.7267ee5b11324817e78f.png":"27722df43b023e51e677bdeca68f0082400ab7ce158af7c54b567d56af3de7d2","/static/media/nofound.9ad7fd712971b1d84e34.png":"5850b5dffcb7d4b31667e2374834e6a11ff660b077a45c4a71a88d9e6828a602"}}
[debug] [2022-06-13T15:48:43.862Z] <<< [apiv2][status] POST https://firebasehosting.googleapis.com/v1beta1/projects/566413757386/sites/royal-wedding-photographer/versions/81253fb966f2c59b:populateFiles 200
[debug] [2022-06-13T15:48:43.863Z] <<< [apiv2][body] POST https://firebasehosting.googleapis.com/v1beta1/projects/566413757386/sites/royal-wedding-photographer/versions/81253fb966f2c59b:populateFiles {"uploadRequiredHashes":["24eb69a15118a260c53a558fd51611617490825556114c227cee6d14f19c8d47","5b2231f7bf3ffe9b904161bbe4386d9c84cd0a65ad5a4d3a1bc7a4eb47ea855d","3e890a0366bb7f2048d5fa562af98c3c6cdf81d0ee061fd51f3707994ec09467","d91a787d7be55806af05d18ef4b4d70d57515e29b631dc33dd440c682725c0d0"],"uploadUrl":"https://upload-firebasehosting.googleapis.com/upload/sites/royal-wedding-photographer/versions/81253fb966f2c59b/files"}
[debug] [2022-06-13T15:48:43.866Z] >>> [apiv2][query] POST https://upload-firebasehosting.googleapis.com/upload/sites/royal-wedding-photographer/versions/81253fb966f2c59b/files/24eb69a15118a260c53a558fd51611617490825556114c227cee6d14f19c8d47 [none]
[debug] [2022-06-13T15:48:43.866Z] >>> [apiv2][body] POST https://upload-firebasehosting.googleapis.com/upload/sites/royal-wedding-photographer/versions/81253fb966f2c59b/files/24eb69a15118a260c53a558fd51611617490825556114c227cee6d14f19c8d47 [stream]
[debug] [2022-06-13T15:48:43.867Z] >>> [apiv2][query] POST https://upload-firebasehosting.googleapis.com/upload/sites/royal-wedding-photographer/versions/81253fb966f2c59b/files/5b2231f7bf3ffe9b904161bbe4386d9c84cd0a65ad5a4d3a1bc7a4eb47ea855d [none]
[debug] [2022-06-13T15:48:43.867Z] >>> [apiv2][body] POST https://upload-firebasehosting.googleapis.com/upload/sites/royal-wedding-photographer/versions/81253fb966f2c59b/files/5b2231f7bf3ffe9b904161bbe4386d9c84cd0a65ad5a4d3a1bc7a4eb47ea855d [stream]
[debug] [2022-06-13T15:48:43.868Z] >>> [apiv2][query] POST https://upload-firebasehosting.googleapis.com/upload/sites/royal-wedding-photographer/versions/81253fb966f2c59b/files/3e890a0366bb7f2048d5fa562af98c3c6cdf81d0ee061fd51f3707994ec09467 [none]
[debug] [2022-06-13T15:48:43.868Z] >>> [apiv2][body] POST https://upload-firebasehosting.googleapis.com/upload/sites/royal-wedding-photographer/versions/81253fb966f2c59b/files/3e890a0366bb7f2048d5fa562af98c3c6cdf81d0ee061fd51f3707994ec09467 [stream]
[debug] [2022-06-13T15:48:43.869Z] >>> [apiv2][query] POST https://upload-firebasehosting.googleapis.com/upload/sites/royal-wedding-photographer/versions/81253fb966f2c59b/files/d91a787d7be55806af05d18ef4b4d70d57515e29b631dc33dd440c682725c0d0 [none]
[debug] [2022-06-13T15:48:43.869Z] >>> [apiv2][body] POST https://upload-firebasehosting.googleapis.com/upload/sites/royal-wedding-photographer/versions/81253fb966f2c59b/files/d91a787d7be55806af05d18ef4b4d70d57515e29b631dc33dd440c682725c0d0 [stream]
[debug] [2022-06-13T15:48:43.869Z] [hosting][populate queue][FINAL] {"max":3019,"min":3019,"avg":3019,"active":0,"complete":1,"success":1,"errored":0,"retried":0,"total":1,"elapsed":3022}
[debug] [2022-06-13T15:48:43.869Z] [hosting] uploads queued: 4
[debug] [2022-06-13T15:49:15.228Z] [uploadQueue] Retrying task d91a787d7be55806af05d18ef4b4d70d57515e29b631dc33dd440c682725c0d0
[debug] [2022-06-13T15:49:15.230Z] >>> [apiv2][query] POST https://upload-firebasehosting.googleapis.com/upload/sites/royal-wedding-photographer/versions/81253fb966f2c59b/files/d91a787d7be55806af05d18ef4b4d70d57515e29b631dc33dd440c682725c0d0 [none]
[debug] [2022-06-13T15:49:15.230Z] >>> [apiv2][body] POST https://upload-firebasehosting.googleapis.com/upload/sites/royal-wedding-photographer/versions/81253fb966f2c59b/files/d91a787d7be55806af05d18ef4b4d70d57515e29b631dc33dd440c682725c0d0 [stream]
[debug] [2022-06-13T15:49:23.476Z] [uploadQueue] Retrying task 3e890a0366bb7f2048d5fa562af98c3c6cdf81d0ee061fd51f3707994ec09467
[debug] [2022-06-13T15:49:23.476Z] >>> [apiv2][query] POST https://upload-firebasehosting.googleapis.com/upload/sites/royal-wedding-photographer/versions/81253fb966f2c59b/files/3e890a0366bb7f2048d5fa562af98c3c6cdf81d0ee061fd51f3707994ec09467 [none]
[debug] [2022-06-13T15:49:23.477Z] >>> [apiv2][body] POST https://upload-firebasehosting.googleapis.com/upload/sites/royal-wedding-photographer/versions/81253fb966f2c59b/files/3e890a0366bb7f2048d5fa562af98c3c6cdf81d0ee061fd51f3707994ec09467 [stream]
[debug] [2022-06-13T15:49:25.392Z] [uploadQueue] Retrying task 5b2231f7bf3ffe9b904161bbe4386d9c84cd0a65ad5a4d3a1bc7a4eb47ea855d
[debug] [2022-06-13T15:49:25.393Z] >>> [apiv2][query] POST https://upload-firebasehosting.googleapis.com/upload/sites/royal-wedding-photographer/versions/81253fb966f2c59b/files/5b2231f7bf3ffe9b904161bbe4386d9c84cd0a65ad5a4d3a1bc7a4eb47ea855d [none]
[debug] [2022-06-13T15:49:25.393Z] >>> [apiv2][body] POST https://upload-firebasehosting.googleapis.com/upload/sites/royal-wedding-photographer/versions/81253fb966f2c59b/files/5b2231f7bf3ffe9b904161bbe4386d9c84cd0a65ad5a4d3a1bc7a4eb47ea855d [stream]
[debug] [2022-06-13T15:49:27.050Z] [uploadQueue] Retrying task 24eb69a15118a260c53a558fd51611617490825556114c227cee6d14f19c8d47
[debug] [2022-06-13T15:49:27.051Z] >>> [apiv2][query] POST https://upload-firebasehosting.googleapis.com/upload/sites/royal-wedding-photographer/versions/81253fb966f2c59b/files/24eb69a15118a260c53a558fd51611617490825556114c227cee6d14f19c8d47 [none]
[debug] [2022-06-13T15:49:27.051Z] >>> [apiv2][body] POST https://upload-firebasehosting.googleapis.com/upload/sites/royal-wedding-photographer/versions/81253fb966f2c59b/files/24eb69a15118a260c53a558fd51611617490825556114c227cee6d14f19c8d47 [stream]
[debug] [2022-06-13T15:49:46.983Z] [uploadQueue] Retrying task d91a787d7be55806af05d18ef4b4d70d57515e29b631dc33dd440c682725c0d0
[debug] [2022-06-13T15:49:46.984Z] >>> [apiv2][query] POST https://upload-firebasehosting.googleapis.com/upload/sites/royal-wedding-photographer/versions/81253fb966f2c59b/files/d91a787d7be55806af05d18ef4b4d70d57515e29b631dc33dd440c682725c0d0 [none]
[debug] [2022-06-13T15:49:46.984Z] >>> [apiv2][body] POST https://upload-firebasehosting.googleapis.com/upload/sites/royal-wedding-photographer/versions/81253fb966f2c59b/files/d91a787d7be55806af05d18ef4b4d70d57515e29b631dc33dd440c682725c0d0 [stream]
[debug] [2022-06-13T15:50:03.464Z] [uploadQueue] Retrying task 3e890a0366bb7f2048d5fa562af98c3c6cdf81d0ee061fd51f3707994ec09467
[debug] [2022-06-13T15:50:03.465Z] >>> [apiv2][query] POST https://upload-firebasehosting.googleapis.com/upload/sites/royal-wedding-photographer/versions/81253fb966f2c59b/files/3e890a0366bb7f2048d5fa562af98c3c6cdf81d0ee061fd51f3707994ec09467 [none]
[debug] [2022-06-13T15:50:03.465Z] >>> [apiv2][body] POST https://upload-firebasehosting.googleapis.com/upload/sites/royal-wedding-photographer/versions/81253fb966f2c59b/files/3e890a0366bb7f2048d5fa562af98c3c6cdf81d0ee061fd51f3707994ec09467 [stream]
[debug] [2022-06-13T15:50:07.316Z] [uploadQueue] Retrying task 5b2231f7bf3ffe9b904161bbe4386d9c84cd0a65ad5a4d3a1bc7a4eb47ea855d
[debug] [2022-06-13T15:50:07.317Z] >>> [apiv2][query] POST https://upload-firebasehosting.googleapis.com/upload/sites/royal-wedding-photographer/versions/81253fb966f2c59b/files/5b2231f7bf3ffe9b904161bbe4386d9c84cd0a65ad5a4d3a1bc7a4eb47ea855d [none]
[debug] [2022-06-13T15:50:07.317Z] >>> [apiv2][body] POST https://upload-firebasehosting.googleapis.com/upload/sites/royal-wedding-photographer/versions/81253fb966f2c59b/files/5b2231f7bf3ffe9b904161bbe4386d9c84cd0a65ad5a4d3a1bc7a4eb47ea855d [stream]
[debug] [2022-06-13T15:50:10.657Z] [uploadQueue] Retrying task 24eb69a15118a260c53a558fd51611617490825556114c227cee6d14f19c8d47
[debug] [2022-06-13T15:50:10.659Z] >>> [apiv2][query] POST https://upload-firebasehosting.googleapis.com/upload/sites/royal-wedding-photographer/versions/81253fb966f2c59b/files/24eb69a15118a260c53a558fd51611617490825556114c227cee6d14f19c8d47 [none]
[debug] [2022-06-13T15:50:10.659Z] >>> [apiv2][body] POST https://upload-firebasehosting.googleapis.com/upload/sites/royal-wedding-photographer/versions/81253fb966f2c59b/files/24eb69a15118a260c53a558fd51611617490825556114c227cee6d14f19c8d47 [stream]
[debug] [2022-06-13T15:50:19.547Z] [uploadQueue] Retrying task d91a787d7be55806af05d18ef4b4d70d57515e29b631dc33dd440c682725c0d0
[debug] [2022-06-13T15:50:19.547Z] >>> [apiv2][query] POST https://upload-firebasehosting.googleapis.com/upload/sites/royal-wedding-photographer/versions/81253fb966f2c59b/files/d91a787d7be55806af05d18ef4b4d70d57515e29b631dc33dd440c682725c0d0 [none]
[debug] [2022-06-13T15:50:19.549Z] >>> [apiv2][body] POST https://upload-firebasehosting.googleapis.com/upload/sites/royal-wedding-photographer/versions/81253fb966f2c59b/files/d91a787d7be55806af05d18ef4b4d70d57515e29b631dc33dd440c682725c0d0 [stream]
[debug] [2022-06-13T15:50:44.268Z] [uploadQueue] Retrying task 3e890a0366bb7f2048d5fa562af98c3c6cdf81d0ee061fd51f3707994ec09467
[debug] [2022-06-13T15:50:44.269Z] >>> [apiv2][query] POST https://upload-firebasehosting.googleapis.com/upload/sites/royal-wedding-photographer/versions/81253fb966f2c59b/files/3e890a0366bb7f2048d5fa562af98c3c6cdf81d0ee061fd51f3707994ec09467 [none]
[debug] [2022-06-13T15:50:44.269Z] >>> [apiv2][body] POST https://upload-firebasehosting.googleapis.com/upload/sites/royal-wedding-photographer/versions/81253fb966f2c59b/files/3e890a0366bb7f2048d5fa562af98c3c6cdf81d0ee061fd51f3707994ec09467 [stream]
[debug] [2022-06-13T15:50:50.058Z] [uploadQueue] Retrying task 5b2231f7bf3ffe9b904161bbe4386d9c84cd0a65ad5a4d3a1bc7a4eb47ea855d
[debug] [2022-06-13T15:50:50.060Z] >>> [apiv2][query] POST https://upload-firebasehosting.googleapis.com/upload/sites/royal-wedding-photographer/versions/81253fb966f2c59b/files/5b2231f7bf3ffe9b904161bbe4386d9c84cd0a65ad5a4d3a1bc7a4eb47ea855d [none]
[debug] [2022-06-13T15:50:50.060Z] >>> [apiv2][body] POST https://upload-firebasehosting.googleapis.com/upload/sites/royal-wedding-photographer/versions/81253fb966f2c59b/files/5b2231f7bf3ffe9b904161bbe4386d9c84cd0a65ad5a4d3a1bc7a4eb47ea855d [stream]
[debug] [2022-06-13T15:50:53.697Z] [uploadQueue] Retrying task d91a787d7be55806af05d18ef4b4d70d57515e29b631dc33dd440c682725c0d0
[debug] [2022-06-13T15:50:53.698Z] >>> [apiv2][query] POST https://upload-firebasehosting.googleapis.com/upload/sites/royal-wedding-photographer/versions/81253fb966f2c59b/files/d91a787d7be55806af05d18ef4b4d70d57515e29b631dc33dd440c682725c0d0 [none]
[debug] [2022-06-13T15:50:53.698Z] >>> [apiv2][body] POST https://upload-firebasehosting.googleapis.com/upload/sites/royal-wedding-photographer/versions/81253fb966f2c59b/files/d91a787d7be55806af05d18ef4b4d70d57515e29b631dc33dd440c682725c0d0 [stream]
[debug] [2022-06-13T15:50:55.053Z] [uploadQueue] Retrying task 24eb69a15118a260c53a558fd51611617490825556114c227cee6d14f19c8d47
[debug] [2022-06-13T15:50:55.054Z] >>> [apiv2][query] POST https://upload-firebasehosting.googleapis.com/upload/sites/royal-wedding-photographer/versions/81253fb966f2c59b/files/24eb69a15118a260c53a558fd51611617490825556114c227cee6d14f19c8d47 [none]
[debug] [2022-06-13T15:50:55.054Z] >>> [apiv2][body] POST https://upload-firebasehosting.googleapis.com/upload/sites/royal-wedding-photographer/versions/81253fb966f2c59b/files/24eb69a15118a260c53a558fd51611617490825556114c227cee6d14f19c8d47 [stream]
[debug] [2022-06-13T15:52:48.381Z] ----------------------------------------------------------------------
[debug] [2022-06-13T15:52:48.383Z] Command:       C:\Program Files\nodejs\node.exe C:\Users\ASUS\AppData\Roaming\npm\node_modules\firebase-tools\lib\bin\firebase.js deploy
[debug] [2022-06-13T15:52:48.383Z] CLI Version:   11.0.1
[debug] [2022-06-13T15:52:48.383Z] Platform:      win32
[debug] [2022-06-13T15:52:48.383Z] Node Version:  v16.15.1
[debug] [2022-06-13T15:52:48.384Z] Time:          Mon Jun 13 2022 21:52:48 GMT+0600 (Bangladesh Standard Time)
[debug] [2022-06-13T15:52:48.384Z] ----------------------------------------------------------------------
[debug] 
[debug] [2022-06-13T15:52:48.433Z] > command requires scopes: ["email","openid","https://www.googleapis.com/auth/cloudplatformprojects.readonly","https://www.googleapis.com/auth/firebase","https://www.googleapis.com/auth/cloud-platform"]
[debug] [2022-06-13T15:52:48.433Z] > authorizing via signed-in user (snrahat.stud4143@gmail.com)
[debug] [2022-06-13T15:52:48.433Z] [iam] checking project royal-wedding-photographer for permissions ["firebase.projects.get","firebasehosting.sites.update"]
[debug] [2022-06-13T15:52:48.435Z] >>> [apiv2][query] POST https://cloudresourcemanager.googleapis.com/v1/projects/royal-wedding-photographer:testIamPermissions [none]
[debug] [2022-06-13T15:52:48.435Z] >>> [apiv2][body] POST https://cloudresourcemanager.googleapis.com/v1/projects/royal-wedding-photographer:testIamPermissions {"permissions":["firebase.projects.get","firebasehosting.sites.update"]}
[debug] [2022-06-13T15:52:49.974Z] <<< [apiv2][status] POST https://cloudresourcemanager.googleapis.com/v1/projects/royal-wedding-photographer:testIamPermissions 200
[debug] [2022-06-13T15:52:49.974Z] <<< [apiv2][body] POST https://cloudresourcemanager.googleapis.com/v1/projects/royal-wedding-photographer:testIamPermissions {"permissions":["firebase.projects.get","firebasehosting.sites.update"]}
[debug] [2022-06-13T15:52:49.975Z] >>> [apiv2][query] GET https://firebase.googleapis.com/v1beta1/projects/royal-wedding-photographer [none]
[debug] [2022-06-13T15:52:50.612Z] <<< [apiv2][status] GET https://firebase.googleapis.com/v1beta1/projects/royal-wedding-photographer 200
[debug] [2022-06-13T15:52:50.613Z] <<< [apiv2][body] GET https://firebase.googleapis.com/v1beta1/projects/royal-wedding-photographer {"projectId":"royal-wedding-photographer","projectNumber":"566413757386","displayName":"Royal-Wedding-Photographer","name":"projects/royal-wedding-photographer","resources":{"hostingSite":"royal-wedding-photographer"},"state":"ACTIVE"}
[info] 
[info] === Deploying to 'royal-wedding-photographer'...
[info] 
[info] i  deploying hosting 
[debug] [2022-06-13T15:52:50.619Z] >>> [apiv2][query] GET https://firebase.googleapis.com/v1beta1/projects/royal-wedding-photographer [none]
[debug] [2022-06-13T15:52:51.224Z] <<< [apiv2][status] GET https://firebase.googleapis.com/v1beta1/projects/royal-wedding-photographer 200
[debug] [2022-06-13T15:52:51.224Z] <<< [apiv2][body] GET https://firebase.googleapis.com/v1beta1/projects/royal-wedding-photographer {"projectId":"royal-wedding-photographer","projectNumber":"566413757386","displayName":"Royal-Wedding-Photographer","name":"projects/royal-wedding-photographer","resources":{"hostingSite":"royal-wedding-photographer"},"state":"ACTIVE"}
[debug] [2022-06-13T15:52:51.228Z] >>> [apiv2][query] POST https://firebasehosting.googleapis.com/v1beta1/projects/566413757386/sites/royal-wedding-photographer/versions [none]
[debug] [2022-06-13T15:52:51.228Z] >>> [apiv2][body] POST https://firebasehosting.googleapis.com/v1beta1/projects/566413757386/sites/royal-wedding-photographer/versions {"config":{"rewrites":[{"glob":"**","path":"/index.html"}]},"labels":{"deployment-tool":"cli-firebase"}}
[debug] [2022-06-13T15:52:53.172Z] <<< [apiv2][status] POST https://firebasehosting.googleapis.com/v1beta1/projects/566413757386/sites/royal-wedding-photographer/versions 200
[debug] [2022-06-13T15:52:53.172Z] <<< [apiv2][body] POST https://firebasehosting.googleapis.com/v1beta1/projects/566413757386/sites/royal-wedding-photographer/versions {"name":"projects/566413757386/sites/royal-wedding-photographer/versions/dfe884da24f409db","status":"CREATED","config":{"rewrites":[{"glob":"**","path":"/index.html"}]},"labels":{"deployment-tool":"cli-firebase"}}
[info] i  hosting[royal-wedding-photographer]: beginning deploy... 
[info] i  hosting[royal-wedding-photographer]: found 23 files in build 
[debug] [2022-06-13T15:52:53.189Z] [hosting] uploading with 200 concurrency
[debug] [2022-06-13T15:52:53.383Z] [hosting] hash cache [YnVpbGQ] stored for 23 files
[debug] [2022-06-13T15:52:53.383Z] [hosting][hash queue][FINAL] {"max":187,"min":3,"avg":26.47826086956522,"active":0,"complete":23,"success":23,"errored":0,"retried":0,"total":23,"elapsed":193}
[debug] [2022-06-13T15:52:53.383Z] >>> [apiv2][query] POST https://firebasehosting.googleapis.com/v1beta1/projects/566413757386/sites/royal-wedding-photographer/versions/dfe884da24f409db:populateFiles [none]
[debug] [2022-06-13T15:52:53.383Z] >>> [apiv2][body] POST https://firebasehosting.googleapis.com/v1beta1/projects/566413757386/sites/royal-wedding-photographer/versions/dfe884da24f409db:populateFiles {"files":{"/favicon.ico":"eae62e993eb980ec8a25058c39d5a51feab118bd2100c4deebb2a9c158ec11f9","/logo192.png":"3ee59515172ee198f3be375979df15ac5345183e656720a381b8872b2a39dc8b","/logo512.png":"ee7e2f3fdb8209c4b6fd7bef6ba50d1b9dba30a25bb5c3126df057e1cb6f5331","/manifest.json":"aff3449bdc238776f5d6d967f19ec491b36aed5fb7f23ccff6500736fd58494a","/previousTasks.json":"ff984788c32fe521c98f1cad7cfbcc8279fc87e80b57f006e8b60407a0ef693d","/robots.txt":"bfe106a3fb878dc83461c86818bf74fc1bdc7f28538ba613cd3e775516ce8b49","/services.json":"12c15f42248f25a37261bbd5667048f3f0522a8bdd572bb85a3478be7748f5f1","/asset-manifest.json":"05cabd56d48c5b36fba09a1735c39170e7a6f5b41a2cbad28c2408ffc1004072","/index.html":"f307e87bab2bcce5d12175a8c5ea24031681c729ef79c3ee9d2f6ccd76249ce3","/static/js/787.c307c762.chunk.js":"bd1776b694b1fb398206b3c370d3583298ef9570ed42132c4a82c81a9c77d27e","/static/js/main.5700e7a7.js.LICENSE.txt":"a4bf333c58f9e94274c19b9aee77a652337affee13e747a3e15415ca14c01597","/static/css/main.9bc39ec5.css":"6980165c23c33bd4a1a82c1fe71ca8a78d928085a0f8548a0ef14ac7f88924fc","/static/js/787.c307c762.chunk.js.map":"b161ceb7f9b1cd301aea1f77f2650d43b9429c6d8b629a31721917b5445d6cf8","/static/css/main.9bc39ec5.css.map":"8661f1ab1486be51bf373b2c47083ebcf5450d5934db062b2a1a526418912d25","/static/media/logo.7267ee5b11324817e78f.png":"27722df43b023e51e677bdeca68f0082400ab7ce158af7c54b567d56af3de7d2","/static/media/google.49eda5baf38c81b402f5.png":"e76264251912538a78364331226e09838ab37b3e47eeed3d9da113138e399f8d","/static/media/nofound.9ad7fd712971b1d84e34.png":"5850b5dffcb7d4b31667e2374834e6a11ff660b077a45c4a71a88d9e6828a602","/static/media/github.ecf329c2c06a1f41fae4.png":"f9e025733e7f1f06d639290dcdfd7744c8891423b2bbe70ae48bc06fb57a0a47","/static/js/main.5700e7a7.js":"dc5ddf20d37fdde4d1e78d4972a1f1de6f80f7e13e37296d281759bf74d00aa2","/static/media/banner3.7a38dd1ed69afeb17549.png":"3e890a0366bb7f2048d5fa562af98c3c6cdf81d0ee061fd51f3707994ec09467","/static/media/banner1.506fd7e4b4fd7936356c.png":"5b2231f7bf3ffe9b904161bbe4386d9c84cd0a65ad5a4d3a1bc7a4eb47ea855d","/static/media/banner2.645382c379a832b6e579.png":"24eb69a15118a260c53a558fd51611617490825556114c227cee6d14f19c8d47","/static/js/main.5700e7a7.js.map":"d91a787d7be55806af05d18ef4b4d70d57515e29b631dc33dd440c682725c0d0"}}
[debug] [2022-06-13T15:52:55.952Z] <<< [apiv2][status] POST https://firebasehosting.googleapis.com/v1beta1/projects/566413757386/sites/royal-wedding-photographer/versions/dfe884da24f409db:populateFiles 200
[debug] [2022-06-13T15:52:55.952Z] <<< [apiv2][body] POST https://firebasehosting.googleapis.com/v1beta1/projects/566413757386/sites/royal-wedding-photographer/versions/dfe884da24f409db:populateFiles {"uploadRequiredHashes":["5b2231f7bf3ffe9b904161bbe4386d9c84cd0a65ad5a4d3a1bc7a4eb47ea855d","3e890a0366bb7f2048d5fa562af98c3c6cdf81d0ee061fd51f3707994ec09467","24eb69a15118a260c53a558fd51611617490825556114c227cee6d14f19c8d47"],"uploadUrl":"https://upload-firebasehosting.googleapis.com/upload/sites/royal-wedding-photographer/versions/dfe884da24f409db/files"}
[debug] [2022-06-13T15:52:55.954Z] >>> [apiv2][query] POST https://upload-firebasehosting.googleapis.com/upload/sites/royal-wedding-photographer/versions/dfe884da24f409db/files/5b2231f7bf3ffe9b904161bbe4386d9c84cd0a65ad5a4d3a1bc7a4eb47ea855d [none]
[debug] [2022-06-13T15:52:55.954Z] >>> [apiv2][body] POST https://upload-firebasehosting.googleapis.com/upload/sites/royal-wedding-photographer/versions/dfe884da24f409db/files/5b2231f7bf3ffe9b904161bbe4386d9c84cd0a65ad5a4d3a1bc7a4eb47ea855d [stream]
[debug] [2022-06-13T15:52:55.956Z] >>> [apiv2][query] POST https://upload-firebasehosting.googleapis.com/upload/sites/royal-wedding-photographer/versions/dfe884da24f409db/files/3e890a0366bb7f2048d5fa562af98c3c6cdf81d0ee061fd51f3707994ec09467 [none]
[debug] [2022-06-13T15:52:55.956Z] >>> [apiv2][body] POST https://upload-firebasehosting.googleapis.com/upload/sites/royal-wedding-photographer/versions/dfe884da24f409db/files/3e890a0366bb7f2048d5fa562af98c3c6cdf81d0ee061fd51f3707994ec09467 [stream]
[debug] [2022-06-13T15:52:55.958Z] >>> [apiv2][query] POST https://upload-firebasehosting.googleapis.com/upload/sites/royal-wedding-photographer/versions/dfe884da24f409db/files/24eb69a15118a260c53a558fd51611617490825556114c227cee6d14f19c8d47 [none]
[debug] [2022-06-13T15:52:55.958Z] >>> [apiv2][body] POST https://upload-firebasehosting.googleapis.com/upload/sites/royal-wedding-photographer/versions/dfe884da24f409db/files/24eb69a15118a260c53a558fd51611617490825556114c227cee6d14f19c8d47 [stream]
[debug] [2022-06-13T15:52:55.959Z] [hosting][populate queue][FINAL] {"max":2574,"min":2574,"avg":2574,"active":0,"complete":1,"success":1,"errored":0,"retried":0,"total":1,"elapsed":2579}
[debug] [2022-06-13T15:52:55.959Z] [hosting] uploads queued: 3
[debug] [2022-06-13T15:53:35.551Z] [uploadQueue] Retrying task 3e890a0366bb7f2048d5fa562af98c3c6cdf81d0ee061fd51f3707994ec09467
[debug] [2022-06-13T15:53:35.552Z] >>> [apiv2][query] POST https://upload-firebasehosting.googleapis.com/upload/sites/royal-wedding-photographer/versions/dfe884da24f409db/files/3e890a0366bb7f2048d5fa562af98c3c6cdf81d0ee061fd51f3707994ec09467 [none]
[debug] [2022-06-13T15:53:35.552Z] >>> [apiv2][body] POST https://upload-firebasehosting.googleapis.com/upload/sites/royal-wedding-photographer/versions/dfe884da24f409db/files/3e890a0366bb7f2048d5fa562af98c3c6cdf81d0ee061fd51f3707994ec09467 [stream]
[debug] [2022-06-13T15:53:37.488Z] [uploadQueue] Retrying task 5b2231f7bf3ffe9b904161bbe4386d9c84cd0a65ad5a4d3a1bc7a4eb47ea855d
[debug] [2022-06-13T15:53:37.491Z] >>> [apiv2][query] POST https://upload-firebasehosting.googleapis.com/upload/sites/royal-wedding-photographer/versions/dfe884da24f409db/files/5b2231f7bf3ffe9b904161bbe4386d9c84cd0a65ad5a4d3a1bc7a4eb47ea855d [none]
[debug] [2022-06-13T15:53:37.491Z] >>> [apiv2][body] POST https://upload-firebasehosting.googleapis.com/upload/sites/royal-wedding-photographer/versions/dfe884da24f409db/files/5b2231f7bf3ffe9b904161bbe4386d9c84cd0a65ad5a4d3a1bc7a4eb47ea855d [stream]
[debug] [2022-06-13T15:53:39.156Z] [uploadQueue] Retrying task 24eb69a15118a260c53a558fd51611617490825556114c227cee6d14f19c8d47
[debug] [2022-06-13T15:53:39.157Z] >>> [apiv2][query] POST https://upload-firebasehosting.googleapis.com/upload/sites/royal-wedding-photographer/versions/dfe884da24f409db/files/24eb69a15118a260c53a558fd51611617490825556114c227cee6d14f19c8d47 [none]
[debug] [2022-06-13T15:53:39.157Z] >>> [apiv2][body] POST https://upload-firebasehosting.googleapis.com/upload/sites/royal-wedding-photographer/versions/dfe884da24f409db/files/24eb69a15118a260c53a558fd51611617490825556114c227cee6d14f19c8d47 [stream]
[debug] [2022-06-13T15:54:15.551Z] [uploadQueue] Retrying task 3e890a0366bb7f2048d5fa562af98c3c6cdf81d0ee061fd51f3707994ec09467
[debug] [2022-06-13T15:54:15.552Z] >>> [apiv2][query] POST https://upload-firebasehosting.googleapis.com/upload/sites/royal-wedding-photographer/versions/dfe884da24f409db/files/3e890a0366bb7f2048d5fa562af98c3c6cdf81d0ee061fd51f3707994ec09467 [none]
[debug] [2022-06-13T15:54:15.552Z] >>> [apiv2][body] POST https://upload-firebasehosting.googleapis.com/upload/sites/royal-wedding-photographer/versions/dfe884da24f409db/files/3e890a0366bb7f2048d5fa562af98c3c6cdf81d0ee061fd51f3707994ec09467 [stream]
[debug] [2022-06-13T15:54:19.427Z] [uploadQueue] Retrying task 5b2231f7bf3ffe9b904161bbe4386d9c84cd0a65ad5a4d3a1bc7a4eb47ea855d
[debug] [2022-06-13T15:54:19.428Z] >>> [apiv2][query] POST https://upload-firebasehosting.googleapis.com/upload/sites/royal-wedding-photographer/versions/dfe884da24f409db/files/5b2231f7bf3ffe9b904161bbe4386d9c84cd0a65ad5a4d3a1bc7a4eb47ea855d [none]
[debug] [2022-06-13T15:54:19.428Z] >>> [apiv2][body] POST https://upload-firebasehosting.googleapis.com/upload/sites/royal-wedding-photographer/versions/dfe884da24f409db/files/5b2231f7bf3ffe9b904161bbe4386d9c84cd0a65ad5a4d3a1bc7a4eb47ea855d [stream]
[debug] [2022-06-13T15:54:22.748Z] [uploadQueue] Retrying task 24eb69a15118a260c53a558fd51611617490825556114c227cee6d14f19c8d47
[debug] [2022-06-13T15:54:22.749Z] >>> [apiv2][query] POST https://upload-firebasehosting.googleapis.com/upload/sites/royal-wedding-photographer/versions/dfe884da24f409db/files/24eb69a15118a260c53a558fd51611617490825556114c227cee6d14f19c8d47 [none]
[debug] [2022-06-13T15:54:22.749Z] >>> [apiv2][body] POST https://upload-firebasehosting.googleapis.com/upload/sites/royal-wedding-photographer/versions/dfe884da24f409db/files/24eb69a15118a260c53a558fd51611617490825556114c227cee6d14f19c8d47 [stream]
[debug] [2022-06-13T15:54:36.399Z] [uploadQueue] Retrying task 24eb69a15118a260c53a558fd51611617490825556114c227cee6d14f19c8d47
[debug] [2022-06-13T15:54:36.400Z] >>> [apiv2][query] POST https://upload-firebasehosting.googleapis.com/upload/sites/royal-wedding-photographer/versions/dfe884da24f409db/files/24eb69a15118a260c53a558fd51611617490825556114c227cee6d14f19c8d47 [none]
[debug] [2022-06-13T15:54:36.401Z] >>> [apiv2][body] POST https://upload-firebasehosting.googleapis.com/upload/sites/royal-wedding-photographer/versions/dfe884da24f409db/files/24eb69a15118a260c53a558fd51611617490825556114c227cee6d14f19c8d47 [stream]
[debug] [2022-06-13T15:54:56.342Z] [uploadQueue] Retrying task 3e890a0366bb7f2048d5fa562af98c3c6cdf81d0ee061fd51f3707994ec09467
[debug] [2022-06-13T15:54:56.343Z] >>> [apiv2][query] POST https://upload-firebasehosting.googleapis.com/upload/sites/royal-wedding-photographer/versions/dfe884da24f409db/files/3e890a0366bb7f2048d5fa562af98c3c6cdf81d0ee061fd51f3707994ec09467 [none]
[debug] [2022-06-13T15:54:56.343Z] >>> [apiv2][body] POST https://upload-firebasehosting.googleapis.com/upload/sites/royal-wedding-photographer/versions/dfe884da24f409db/files/3e890a0366bb7f2048d5fa562af98c3c6cdf81d0ee061fd51f3707994ec09467 [stream]
